commit 9c2536cca4afa58985e06bd57375c020cd5c77c5
Author: Duncan Proctor <dbp19a@my.fsu.edu>
Date:   Sat Dec 4 22:51:10 2021 -0500

    simplify

commit 39e15f5396d7ef4cc712056915a8f6ef9e3c433c
Author: Duncan Proctor <dbp19a@my.fsu.edu>
Date:   Sat Dec 4 22:27:21 2021 -0500

    more powerful jump

commit d1baad8d8d15f627bf64898eebd7c0b9747d381d
Author: Duncan Proctor <dbp19a@my.fsu.edu>
Date:   Sat Dec 4 22:22:27 2021 -0500

    fix integrated terminal

commit 55e97995af62ca10f1306232b4d831b9d76547a9
Merge: aa1ddf4 7aac23b
Author: Taylor <89420096+tamathes@users.noreply.github.com>
Date:   Sat Dec 4 09:55:59 2021 -0500

    Merge pull request #12 from duncpro/gbranch
    
    Tweaked the speed of pipe movement to make game faster. High score method changed as well

commit 7aac23b7db881b280a3b8b22b6a0971979450cc8
Merge: a592434 aa1ddf4
Author: Taylor <89420096+tamathes@users.noreply.github.com>
Date:   Sat Dec 4 09:54:06 2021 -0500

    Merge branch 'taylor' into gbranch

commit a592434af3aa4d54f53c579d9f19c9d6e50bdf9e
Merge: 497f768 801883b
Author: Duncan Proctor <dbp19a@my.fsu.edu>
Date:   Fri Dec 3 19:04:45 2021 -0500

    merge

commit 497f7685b3cf1db3c2d07bffb877504ae74e4e8a
Author: Duncan Proctor <dbp19a@my.fsu.edu>
Date:   Fri Dec 3 19:04:23 2021 -0500

    cleanup score_tick

commit 801883ba0c908b31773a08a3601cc035824b501d
Author: G <57080500+gamathes@users.noreply.github.com>
Date:   Fri Dec 3 18:45:35 2021 -0500

    Sped up pipe movement and increased gravity

commit 4041d629fd7159bb98efa44a2758bc24e621a9cf
Author: G <57080500+gamathes@users.noreply.github.com>
Date:   Fri Dec 3 18:27:40 2021 -0500

    Update to persist_score() to only record a user's high score

commit 52b5824c0cab3df2ddc76848ffd248ade0801e05
Author: tamathes <89420096+tamathes@users.noreply.github.com>
Date:   Fri Dec 3 17:52:23 2021 -0500

    Add label for high scores

commit aa1ddf4640c3b35dfccd6302f3d8d0e50cad389a
Merge: e67229b 25f606e
Author: Duncan Proctor <dbp19a@my.fsu.edu>
Date:   Fri Dec 3 16:58:25 2021 -0500

    merge with master

commit e67229b7ef9507e4c54c5e3de44e42ad38a7bcbb
Author: Duncan Proctor <dbp19a@my.fsu.edu>
Date:   Fri Dec 3 16:56:14 2021 -0500

    formatting

commit cb37587ce3f5822c9fe72f6ac4df0e7fefdc0a97
Author: Duncan Proctor <dbp19a@my.fsu.edu>
Date:   Fri Dec 3 16:25:50 2021 -0500

    cleanup sql

commit b07d0b70ad1a4da1ac4b0935084dc0dc473ea4bf
Author: Duncan Proctor <dbp19a@my.fsu.edu>
Date:   Fri Dec 3 16:16:04 2021 -0500

    callback

commit 4ee6c457ef946f3d3ec2e2aacc982f3dccea6d6d
Author: Duncan Proctor <dbp19a@my.fsu.edu>
Date:   Fri Dec 3 16:09:42 2021 -0500

    comment

commit 71cd452ca8390745e906758774e1cc2851eab009
Merge: 861ad6f 637e600
Author: Duncan Proctor <dbp19a@my.fsu.edu>
Date:   Fri Dec 3 16:06:31 2021 -0500

    F

commit 861ad6f9bcc78eed56db9520eaca0ab4f56e296e
Author: Duncan Proctor <dbp19a@my.fsu.edu>
Date:   Fri Dec 3 16:05:14 2021 -0500

    basic high scores

commit 637e600cedd80af1cf41d7b5579a28e72b2f90c8
Author: tamathes <tam19d@my.fsu.edu>
Date:   Fri Dec 3 15:47:17 2021 -0500

    add error messages

commit 7dc57d2b13f39794d3a4f2fae862ad3e85315140
Author: Duncan Proctor <dbp19a@my.fsu.edu>
Date:   Fri Dec 3 13:58:52 2021 -0500

    fix comment

commit 1b2e1aeb69bb6324c3d1b49c0937afe971962314
Author: Duncan Proctor <dbp19a@my.fsu.edu>
Date:   Fri Dec 3 13:57:33 2021 -0500

    always show score

commit 58edae66277ce2b427315ecca69517ac7fe5ffdc
Author: Duncan Proctor <dbp19a@my.fsu.edu>
Date:   Fri Dec 3 13:43:41 2021 -0500

    lower framerate

commit 63dcad213b2c97ee1dd73b273e7ec376f7202246
Author: Duncan Proctor <dbp19a@my.fsu.edu>
Date:   Fri Dec 3 13:22:35 2021 -0500

    fix scoring

commit dc1f810aff92827cb54c73c7dcd6cc90849c2667
Author: tamathes <tam19d@my.fsu.edu>
Date:   Fri Dec 3 08:57:02 2021 -0500

    add files

commit b39c8af0a3765f7c5a397ad445aafc6d02caa2aa
Author: tamathes <tam19d@my.fsu.edu>
Date:   Fri Dec 3 08:52:26 2021 -0500

    Updated main menu with more functional buttons

commit 82488d9421318306d9fea30b66c43480fd19ce6b
Author: tamathes <tam19d@my.fsu.edu>
Date:   Thu Dec 2 09:37:14 2021 -0500

    I am working on adding in a menu with login capabilities. I just started adding in a database as well. I have commented out most of the event handeling so that pressing the "login" button automatically starts the game. Eventually this will be changed.
    
    The buttons/text boxes still need work.

commit 1aecdda35a9ad9249086954bc464cf0402a15df6
Author: tamathes <tam19d@my.fsu.edu>
Date:   Sun Nov 14 03:27:14 2021 -0500

     The lines in the Pipe constructor, where images were being loaded, were removed. The images are being stored as constants and the variables in the constructor were no longer being used.
    
    The Pipe.hitbox() method was changed to use the shape of the pipes rather than a rectangle. I don't think this made any significant improvements, but I want to test it on my desktop and try to determine why the collision is not working properly on other machines

commit 25f606e1107ceaab421cab5f47a26508d41d71cc
Author: Duncan Proctor <dbp19a@my.fsu.edu>
Date:   Thu Nov 11 17:32:05 2021 -0500

    balance

commit aeda6b57393708b2cf744e2898863223a3b520bd
Merge: 8928ed5 5cecf92
Author: Duncan <dbp19a@my.fsu.edu>
Date:   Thu Nov 11 17:23:53 2021 -0500

    Merge pull request #9 from duncpro/taylor
    
    Updated background image and pipe display

commit 8928ed5ff8b9fba338ef331919ed633064beb9a1
Author: G <57080500+gamathes@users.noreply.github.com>
Date:   Sat Nov 6 17:38:02 2021 -0400

    added fsu on hat and jump sound

commit 5cecf926d94e436e0c599d25e5dbf57529418f0d
Author: Taylor <89420096+tamathes@users.noreply.github.com>
Date:   Sat Nov 6 16:59:08 2021 -0400

    Updated pipes.py to reflect suggested changes

commit fe99117cba99ccb823069b14a1c588c8a64abe0d
Author: tamathes <tam19d@my.fsu.edu>
Date:   Wed Nov 3 22:01:57 2021 -0400

    Updated background image and pipe display

commit 0092b9b86ad7a3817317cb2f8a6bc06007fbefc1
Author: Duncan Proctor <dbp19a@my.fsu.edu>
Date:   Mon Oct 18 19:15:50 2021 -0400

    ignore .pyc

commit fb163239f4cb0c6863d8526febe80ea64eff7008
Author: Duncan Proctor <dbp19a@my.fsu.edu>
Date:   Mon Oct 18 19:15:08 2021 -0400

    add readme

commit 787a36c5007aca6fa45c0831a36f2aca5eecd99b
Author: Duncan Proctor <dbp19a@my.fsu.edu>
Date:   Sun Oct 17 22:46:07 2021 -0400

    remove pycache

commit 571865eba83840e91f2c0277dba314159692057c
Author: Duncan Proctor <dbp19a@my.fsu.edu>
Date:   Sun Oct 17 22:45:21 2021 -0400

    simplify circular hitbox

commit 9d72833c2206b2cf3ea2b0e40e21ea565366a08c
Merge: e400884 b04fc1b
Author: Duncan Proctor <dbp19a@my.fsu.edu>
Date:   Sun Oct 17 18:38:47 2021 -0400

    merge

commit e400884dab7e529aecb73cb1ffb1a6e56dcf3292
Author: Duncan Proctor <dbp19a@my.fsu.edu>
Date:   Sun Oct 17 18:38:14 2021 -0400

    remove pycache

commit b04fc1b8aeabd2f1b03b886845f34a153c4f7524
Merge: 98f7703 2dedf96
Author: Duncan <dbp19a@my.fsu.edu>
Date:   Sun Oct 17 18:28:14 2021 -0400

    Merge pull request #8 from duncpro/circular-hitbox
    
    Circular Hitbox for Character

commit 2dedf96132181ed1e185fdba7112e3e7a8e51381
Author: Duncan Proctor <dbp19a@my.fsu.edu>
Date:   Sun Oct 17 18:21:55 2021 -0400

    circular hitboxes

commit 98f7703a934c618f092bdf0f5c41a118a92f4fd3
Author: Duncan Proctor <dbp19a@my.fsu.edu>
Date:   Sun Oct 17 17:10:17 2021 -0400

    remove pycache

commit b4337b40cea9f74f68024b7bd08487048e0ca694
Author: Duncan Proctor <dbp19a@my.fsu.edu>
Date:   Sun Oct 17 17:10:04 2021 -0400

    balance game

commit 2b3ec278b945d12e51fb818d60a90bde10ecaed9
Author: Duncan Proctor <dbp19a@my.fsu.edu>
Date:   Sun Oct 17 16:47:19 2021 -0400

    remove pycache

commit 7dca808c33b47938c9f3220726b5e71ad38988ef
Author: Duncan Proctor <dbp19a@my.fsu.edu>
Date:   Sun Oct 17 16:47:04 2021 -0400

    remove redundant function

commit 321f261d7cdbe32963f8ddcadcd11232945ca45f
Author: Duncan Proctor <dbp19a@my.fsu.edu>
Date:   Sun Oct 17 04:45:30 2021 -0400

    cleanup

commit 4ba09145d7273e3e71331630da523bb0de5a80a3
Author: Duncan Proctor <dbp19a@my.fsu.edu>
Date:   Sun Oct 17 04:39:31 2021 -0400

    Remove pycache

commit 02ba3e1a7dee3b440e3fed91ede724a5d2ae2280
Merge: aa31b75 aef1af8
Author: Duncan <dbp19a@my.fsu.edu>
Date:   Sun Oct 17 04:38:33 2021 -0400

    Merge pull request #7 from duncpro/pipe-gap
    
    Hitboxes, Pipe Gaps

commit aef1af8137252f636c8dad2cc3853635b4a49de1
Author: Duncan Proctor <dbp19a@my.fsu.edu>
Date:   Sun Oct 17 04:35:49 2021 -0400

    pipe hitboxes

commit 2ec5f308f35a29713fb0ef553fc6c8ced8cf8b46
Author: Duncan Proctor <dbp19a@my.fsu.edu>
Date:   Sun Oct 17 01:45:22 2021 -0400

    remove pycache

commit 5a21aedb9143c0be391926c1671e13f07ffaa8f9
Author: Duncan Proctor <dbp19a@my.fsu.edu>
Date:   Sun Oct 17 01:43:46 2021 -0400

    draw gap in pipe

commit aa31b75201f79b0d97683fda5d1b04664db6d13a
Author: Duncan Proctor <dbp19a@my.fsu.edu>
Date:   Sun Oct 17 01:10:18 2021 -0400

    shift class header down

commit cc46cffe238091843a8d72a0b09bb10b4dde36f9
Author: Duncan Proctor <dbp19a@my.fsu.edu>
Date:   Sun Oct 17 01:02:56 2021 -0400

    remove pycache

commit 8f00054f98de5d73fa2dbde826b1fef5192f6001
Author: Duncan Proctor <dbp19a@my.fsu.edu>
Date:   Sun Oct 17 01:01:56 2021 -0400

    increase horizontal scrollspeed

commit 264fb82a496e21fd1a63f97c001c339b5d7adee3
Author: Duncan Proctor <dbp19a@my.fsu.edu>
Date:   Sun Oct 17 00:53:03 2021 -0400

    clarify

commit 34c67d008243f22c67d6e222354b09666c6f42f9
Author: Duncan Proctor <dbp19a@my.fsu.edu>
Date:   Sun Oct 17 00:52:02 2021 -0400

    clarify sidscroll speed

commit ae596d35af4368a1170a0fd8931f228d3b0cb676
Author: Duncan Proctor <dbp19a@my.fsu.edu>
Date:   Sun Oct 17 00:46:50 2021 -0400

    remove wrongly positioned comment

commit 29883b3429d1c736f5c9b36ea2fab43287ca036d
Author: Duncan Proctor <dbp19a@my.fsu.edu>
Date:   Sun Oct 17 00:31:46 2021 -0400

    add descriptive comment to pipe width

commit a980a21f82820cd9e9c695e27b6fad59a1056e7c
Author: Duncan Proctor <dbp19a@my.fsu.edu>
Date:   Sun Oct 17 00:25:41 2021 -0400

    ignore pycache

commit 3cc0fbd09a67184cf763d07f47dc1eb968b58e0a
Author: Duncan Proctor <dbp19a@my.fsu.edu>
Date:   Sun Oct 17 00:25:23 2021 -0400

    remove pycache

commit a7b9d1acdda668659e322b547abff3f96e2fcc8c
Merge: b0326c0 fef91ff
Author: Duncan <dbp19a@my.fsu.edu>
Date:   Sun Oct 17 00:24:06 2021 -0400

    Merge pull request #6 from duncpro/pipes
    
    Implement horizontal world space and base functionality for pipes

commit fef91ffc59df067404a0bb6564a9798baa88d686
Author: Duncan Proctor <dbp19a@my.fsu.edu>
Date:   Sun Oct 17 00:11:20 2021 -0400

    Implement pipe spawning/despawning

commit b0326c05e66a6c6b5db2bc7249791f889462b6ac
Merge: 6a11dad e5bf34c
Author: Duncan <dbp19a@my.fsu.edu>
Date:   Sat Oct 16 21:49:11 2021 -0400

    Merge pull request #5 from duncpro/lower-boundary
    
    Add Lower Boundary

commit e5bf34cafb90fe11d502d5a9bc0b22df90407e86
Author: Duncan Proctor <dbp19a@my.fsu.edu>
Date:   Sat Oct 16 21:45:11 2021 -0400

    add game over screen

commit 6a11dad02eaee4a3ea4d74217f677e7382af7609
Merge: 5ebd429 59f751f
Author: Duncan <dbp19a@my.fsu.edu>
Date:   Sat Oct 16 20:53:04 2021 -0400

    Merge pull request #4 from duncpro/reorg
    
    Split Game Loop

commit 59f751f7da67906116014cbb09b5da7e1308fcf2
Author: Duncan Proctor <dbp19a@my.fsu.edu>
Date:   Sat Oct 16 18:38:57 2021 -0400

    fix typo

commit b3bf65e6e850ab80361e5f1fb8749ac29889c969
Author: Duncan Proctor <dbp19a@my.fsu.edu>
Date:   Sat Oct 16 18:38:36 2021 -0400

    move jump logic into own function

commit cffeb8cd6d42af5e4858d3d4b1ac92053f946d56
Author: Duncan Proctor <dbp19a@my.fsu.edu>
Date:   Sat Oct 16 18:34:56 2021 -0400

    remove redundant sys import

commit cb7659413fdc404b5ac115a9e16aae294279d95a
Author: Duncan Proctor <dbp19a@my.fsu.edu>
Date:   Sat Oct 16 18:32:36 2021 -0400

    Split game loop into three separate parts: event handling, ticking, and drawing.

commit cb2f4af7fffda8fc12a70378ada1cf20fb4daf7d
Author: Duncan Proctor <dbp19a@my.fsu.edu>
Date:   Sat Oct 16 16:47:30 2021 -0400

    initial ball position as function of  screen_size

commit 5ebd4294d5baeaf3ff9214ea4830430fcaac6559
Merge: 6b4bbf6 befd0eb
Author: tamathes <89420096+tamathes@users.noreply.github.com>
Date:   Wed Oct 6 19:59:51 2021 -0400

    Merge pull request #2 from duncpro/tay
    
    Update main.py

commit befd0ebfbf26a9d881a9a610cfbfeb241f1bb4b5
Author: tamathes <89420096+tamathes@users.noreply.github.com>
Date:   Tue Oct 5 22:09:32 2021 -0400

    Update main.py

commit 4761b66fb7907d4e1d462a48a586710a392e4b4d
Merge: 7feff97 bc5ba82
Author: tamathes <89420096+tamathes@users.noreply.github.com>
Date:   Tue Oct 5 21:58:31 2021 -0400

    Update main.py
    
    add background and icon for "ball"

commit 7feff9778d46983ae3524078bee6d6d4eb32bde8
Author: G <57080500+gamathes@users.noreply.github.com>
Date:   Tue Oct 5 21:42:48 2021 -0400

    Add files via upload

commit bc5ba8211ef66d37971255da9507bc2ead53beb8
Author: G <57080500+gamathes@users.noreply.github.com>
Date:   Tue Oct 5 21:41:20 2021 -0400

    Update main.py
    
    increase back ground size,change back ground photo, change ball to fsu logo

commit bf6bb7dabf9ecff2cf225d3bcd14f993aa062f1b
Merge: 69399b5 d132ab9
Author: tamathes <89420096+tamathes@users.noreply.github.com>
Date:   Tue Oct 5 20:54:47 2021 -0400

    Merge pull request #1 from duncpro/gamathes-patch-1
    
    update main.py

commit d132ab99eadd2699fc7492b7a1bf03e7d00a20fa
Author: G <57080500+gamathes@users.noreply.github.com>
Date:   Tue Oct 5 20:51:06 2021 -0400

    Update main.py

commit 69399b56178d6e20dbcfaebfa36ec0058d186199
Author: tamathes <89420096+tamathes@users.noreply.github.com>
Date:   Tue Oct 5 20:25:51 2021 -0400

    update main.py
    
    ball moves down until space bar is pressed

commit 6b4bbf6fb115343754a80d20d65cf19c6b9b3c3e
Author: Duncan Proctor <dbp19a@my.fsu.edu>
Date:   Tue Sep 28 21:04:49 2021 -0400

    remove docker container for now

commit 4fee94a48a2c8f3da6d4a57d4c007e088e43808b
Author: Duncan Proctor <dbp19a@my.fsu.edu>
Date:   Tue Sep 28 21:03:50 2021 -0400

    remove docker container

commit 7114805527500136d8932c2e4e3ff0b5af987b9e
Author: Duncan Proctor <dbp19a@my.fsu.edu>
Date:   Tue Sep 28 23:55:39 2021 +0000

    install pygame

commit cf424b7a9dbb692f85de7b0a29080ac4576eeff8
Author: Duncan Proctor <dbp19a@my.fsu.edu>
Date:   Tue Sep 28 23:15:31 2021 +0000

    fix typo

commit f27731f69a5acd0a2c4a757ce3cacefebf498f0a
Author: Duncan Proctor <dbp19a@my.fsu.edu>
Date:   Tue Sep 28 23:15:07 2021 +0000

    automatically initialize virtual environment when stated an integrated terminal session

commit e402c99abf6c17729967fec48092ac01b11c14bc
Author: Duncan Proctor <dbp19a@my.fsu.edu>
Date:   Tue Sep 28 22:11:54 2021 +0000

    setup virtual env

commit 4dfc4805d63accb336633d3007d8f53c13e3931a
Author: Duncan Proctor <dbp19a@my.fsu.edu>
Date:   Tue Sep 28 22:06:22 2021 +0000

    add docker container
